SF:src/Cyanotype.jl
DA:53,6
DA:55,0
DA:57,4
LH:2
LF:3
end_of_record
SF:src/cyanotype.jl
DA:18,5
DA:24,10
DA:25,5
DA:28,5
DA:70,5
DA:71,5
DA:72,5
DA:88,5
DA:89,5
DA:90,5
DA:91,5
DA:92,5
DA:93,5
DA:94,12
DA:95,6
DA:96,1
DA:97,5
DA:98,5
DA:99,20
DA:100,5
DA:101,15
DA:102,5
DA:103,5
DA:104,5
DA:106,20
DA:107,0
DA:108,0
DA:109,0
DA:110,0
DA:113,12
DA:114,5
DA:117,10
DA:119,10
DA:122,5
DA:125,5
DA:128,5
DA:131,5
DA:134,5
DA:137,5
DA:140,5
DA:143,5
DA:146,5
DA:147,5
DA:148,21
DA:149,11
DA:150,10
DA:151,2
DA:156,8
DA:157,1
DA:159,10
DA:160,7
DA:162,21
DA:165,5
DA:166,12
DA:167,6
DA:168,6
DA:171,5
DA:174,283
DA:185,5
DA:186,5
DA:187,4
DA:189,1
DA:193,3
DA:195,8
DA:197,8
DA:198,4
DA:200,4
DA:201,2
DA:202,2
DA:205,2
DA:206,2
DA:209,2
DA:210,1
DA:211,1
DA:212,1
DA:215,1
DA:218,1
DA:219,1
DA:220,1
DA:223,0
DA:226,6
DA:227,5
DA:229,6
DA:232,14
DA:233,14
DA:234,5
DA:236,9
DA:238,14
DA:239,4
DA:241,10
DA:243,14
DA:244,14
DA:247,5
DA:248,5
DA:249,5
DA:250,5
DA:251,5
DA:252,14
DA:253,14
DA:255,0
DA:258,5
DA:260,9
DA:261,1
DA:263,4
DA:264,234
DA:268,5
DA:269,10
DA:270,202
DA:273,5
DA:274,10
DA:275,5
DA:276,314
DA:279,5
DA:280,10
DA:281,10
DA:282,5
DA:283,206
DA:284,103
DA:285,103
DA:287,103
DA:288,921
DA:289,314
DA:291,657
DA:293,921
DA:294,103
DA:299,5
DA:300,10
DA:301,10
DA:302,10
DA:303,5
DA:304,197
DA:305,197
DA:306,197
DA:307,197
DA:308,197
DA:309,1038
DA:310,1038
DA:311,0
DA:316,5
DA:317,5
LH:133
LF:140
end_of_record
SF:src/models/efficientnets/efficientnet.jl
DA:22,0
DA:25,0
DA:26,0
DA:27,0
DA:33,0
DA:34,0
DA:35,0
DA:36,0
DA:37,0
DA:38,0
DA:39,0
DA:40,0
DA:41,0
DA:43,0
DA:46,0
DA:47,0
DA:48,0
DA:49,0
DA:50,0
DA:51,0
DA:52,0
DA:53,0
DA:54,0
DA:55,0
DA:56,0
DA:57,0
DA:58,0
DA:59,0
DA:60,0
DA:61,0
DA:62,0
DA:63,0
DA:64,0
DA:65,0
DA:66,0
DA:73,0
DA:74,0
DA:75,0
DA:84,0
DA:85,0
DA:86,0
DA:87,0
DA:88,0
DA:89,0
DA:93,0
DA:94,0
DA:95,0
DA:96,0
DA:97,0
DA:98,0
DA:99,0
DA:100,0
DA:101,0
DA:102,0
DA:103,0
DA:104,0
DA:105,0
DA:106,0
DA:107,0
DA:108,0
DA:109,0
DA:110,0
DA:111,0
DA:115,0
DA:125,0
DA:126,0
DA:127,0
DA:135,0
DA:136,0
DA:145,0
DA:146,0
DA:155,0
DA:156,0
LH:0
LF:73
end_of_record
SF:src/models/efficientnets/effnetstage.jl
DA:15,0
DA:27,0
DA:42,0
DA:43,0
DA:44,0
DA:45,0
DA:46,0
DA:47,0
DA:48,0
DA:49,0
DA:50,0
DA:57,0
DA:59,0
DA:61,0
DA:63,0
DA:64,0
DA:65,0
DA:67,0
DA:74,0
DA:75,0
DA:77,0
LH:0
LF:21
end_of_record
SF:src/models/unets/effunet.jl
DA:12,0
DA:13,0
DA:14,0
DA:15,0
DA:16,0
DA:17,0
DA:18,0
DA:19,0
DA:20,0
DA:22,0
DA:23,0
DA:24,0
DA:25,0
DA:26,0
DA:27,0
DA:28,0
DA:29,0
DA:30,0
DA:31,0
DA:32,0
DA:33,0
DA:34,0
DA:36,0
DA:37,0
DA:38,0
DA:39,0
DA:41,0
DA:42,0
DA:44,0
DA:45,0
DA:46,0
DA:47,0
LH:0
LF:32
end_of_record
SF:src/models/unets/uchain.jl
DA:40,58
DA:41,29
DA:47,29
DA:48,29
DA:49,29
DA:50,33
DA:51,33
DA:52,33
DA:53,29
DA:60,6
DA:64,32
DA:70,12
DA:71,12
DA:75,18
DA:77,11
DA:87,33
LH:16
LF:16
end_of_record
SF:src/models/unets/unet.jl
DA:15,6
DA:32,6
DA:50,2
DA:80,1
DA:82,1
DA:83,0
DA:84,0
DA:85,0
DA:86,0
DA:87,0
DA:88,0
DA:89,0
DA:91,0
DA:93,0
DA:94,0
DA:95,0
DA:96,0
DA:97,0
DA:98,0
DA:99,0
DA:100,0
DA:102,1
DA:103,1
DA:104,4
DA:105,4
DA:106,4
DA:107,0
DA:108,0
DA:110,4
DA:112,4
DA:113,1
DA:114,1
DA:118,0
DA:119,0
DA:120,0
DA:127,0
DA:129,0
DA:131,8
DA:133,0
DA:135,6
DA:137,2
DA:139,0
DA:146,38
DA:148,38
DA:149,12
DA:150,12
DA:152,0
DA:154,12
DA:155,12
DA:156,12
DA:158,26
DA:159,26
DA:160,26
DA:161,26
DA:162,26
DA:163,26
DA:165,38
DA:190,2
DA:197,2
DA:198,2
DA:199,2
DA:200,2
DA:202,4
DA:203,2
DA:206,8
DA:208,8
DA:209,8
DA:210,2
DA:211,2
DA:229,2
DA:235,6
DA:236,6
DA:238,8
DA:241,0
DA:243,0
DA:244,0
DA:245,0
DA:246,0
DA:247,0
DA:249,0
DA:250,0
DA:252,0
LH:47
LF:82
end_of_record
SF:src/models/unets/unet2.jl
DA:13,0
DA:18,8
DA:26,1
DA:28,1
DA:29,0
DA:30,0
DA:31,0
DA:32,0
DA:33,0
DA:34,0
DA:35,0
DA:37,0
DA:39,0
DA:40,0
DA:41,0
DA:42,0
DA:43,0
DA:44,0
DA:45,0
DA:46,0
DA:48,1
DA:49,1
DA:50,4
DA:51,4
DA:52,4
DA:53,0
DA:54,0
DA:56,4
DA:58,4
DA:59,1
DA:60,1
DA:61,0
DA:65,0
DA:66,0
DA:67,0
LH:12
LF:35
end_of_record
SF:src/units/classifiers.jl
DA:12,6
DA:13,3
DA:14,3
DA:17,4
DA:18,4
DA:19,4
DA:20,4
DA:21,3
DA:22,3
DA:28,1
DA:31,4
DA:43,1
LH:12
LF:12
end_of_record
SF:src/units/conv_units/adwconv.jl
DA:17,1
DA:19,2
DA:20,2
DA:21,7
DA:23,2
DA:24,2
DA:25,1
DA:26,1
DA:27,1
DA:29,1
DA:30,1
DA:32,4
DA:33,2
DA:34,2
DA:35,2
LH:15
LF:15
end_of_record
SF:src/units/conv_units/cbam.jl
DA:14,4
DA:15,2
DA:25,2
DA:26,2
DA:27,2
DA:28,2
DA:41,0
DA:52,4
DA:56,2
DA:74,2
DA:87,1
DA:103,0
DA:112,0
LH:10
LF:13
end_of_record
SF:src/units/conv_units/chconv.jl
DA:11,16
DA:12,8
DA:13,8
DA:14,8
DA:15,15
DA:16,8
DA:19,15
DA:20,15
DA:21,0
DA:23,14
LH:9
LF:10
end_of_record
SF:src/units/conv_units/compconv.jl
DA:16,20
DA:20,20
DA:21,20
DA:22,1
DA:24,19
DA:38,0
DA:39,0
DA:40,0
DA:43,2
DA:45,2
DA:46,2
DA:54,0
DA:55,0
DA:74,3
DA:75,3
DA:76,3
DA:77,3
DA:78,12
DA:79,3
DA:80,9
DA:81,3
DA:83,6
DA:85,12
DA:86,3
DA:89,1
DA:90,1
DA:91,1
DA:94,1
LH:23
LF:28
end_of_record
SF:src/units/conv_units/conv.jl
DA:41,2
DA:44,80
DA:45,80
DA:46,80
DA:47,80
DA:48,5
DA:50,80
DA:54,55
DA:55,55
DA:56,55
DA:57,55
DA:58,55
DA:59,55
DA:60,55
DA:61,15
DA:64,55
DA:66,12
DA:67,6
DA:68,6
DA:70,6
DA:71,6
DA:73,12
DA:74,12
DA:75,12
DA:79,43
DA:80,6
DA:81,6
DA:83,37
DA:85,43
DA:86,43
DA:87,43
DA:89,55
LH:32
LF:32
end_of_record
SF:src/units/conv_units/dwconv.jl
DA:10,10
DA:11,5
DA:15,5
DA:18,5
LH:4
LF:4
end_of_record
SF:src/units/conv_units/fmbconv.jl
DA:13,4
DA:21,4
DA:22,4
DA:23,2
DA:24,2
DA:30,2
DA:31,1
DA:32,1
DA:34,0
DA:35,0
DA:38,0
LH:8
LF:11
end_of_record
SF:src/units/conv_units/haconv.jl
DA:14,6
DA:19,2
DA:20,2
DA:21,2
DA:22,2
DA:23,2
DA:24,6
DA:25,6
DA:26,6
DA:27,6
DA:28,2
DA:31,0
DA:35,2
DA:36,2
DA:37,2
DA:38,2
DA:39,4
DA:40,2
DA:41,2
DA:42,2
DA:43,2
LH:20
LF:21
end_of_record
SF:src/units/conv_units/mbconv.jl
DA:14,4
DA:16,2
DA:17,2
DA:18,2
DA:19,2
DA:21,2
DA:22,2
DA:25,4
DA:26,4
DA:27,2
DA:28,2
DA:36,2
DA:37,1
DA:38,1
DA:40,0
DA:41,0
DA:44,0
DA:48,0
DA:52,0
DA:53,0
DA:54,0
DA:55,0
LH:14
LF:22
end_of_record
SF:src/units/conv_units/pwconv.jl
DA:10,60
DA:12,37
DA:14,0
LH:2
LF:3
end_of_record
SF:src/units/conv_units/resconv.jl
DA:9,0
LH:0
LF:1
end_of_record
SF:src/units/conv_units/sqexc.jl
DA:13,6
DA:15,3
DA:19,3
DA:27,3
DA:31,3
DA:32,6
DA:39,3
LH:7
LF:7
end_of_record
SF:src/units/convolutions.jl
LH:0
LF:0
end_of_record
SF:src/units/normalizations.jl
DA:19,40
DA:20,40
DA:48,9
DA:49,9
DA:71,9
DA:72,9
LH:6
LF:6
end_of_record
SF:src/units/pixmap.jl
DA:11,0
DA:13,0
LH:0
LF:2
end_of_record
SF:src/units/samplers.jl
DA:16,0
DA:18,0
DA:19,0
DA:20,0
DA:37,3
DA:38,3
DA:39,3
DA:51,1
DA:52,1
DA:53,1
DA:65,1
DA:66,1
DA:67,1
DA:79,2
DA:80,2
DA:81,1
DA:83,1
DA:99,1
DA:100,1
DA:101,1
DA:104,1
DA:115,6
DA:116,5
DA:117,3
DA:118,3
DA:121,10
DA:122,10
LH:23
LF:27
end_of_record
SF:src/utilities.jl
DA:33,6
DA:34,3
DA:35,3
DA:70,0
DA:71,0
DA:72,0
DA:73,0
DA:92,64
DA:112,3
DA:132,2
DA:152,2
DA:173,195
DA:174,195
DA:175,195
DA:176,0
DA:184,145
DA:208,1
DA:209,1
DA:225,134
DA:226,0
DA:229,18
DA:230,9
DA:232,9
DA:234,9
DA:235,9
DA:236,6
DA:238,9
DA:240,9
DA:241,73
DA:242,73
DA:243,0
DA:247,0
DA:248,0
DA:250,0
DA:252,0
DA:253,0
DA:256,0
DA:257,0
DA:258,0
DA:259,0
DA:263,3
DA:265,3
DA:267,3
DA:268,9
DA:270,73
DA:272,6
DA:273,6
DA:275,73
DA:277,18
DA:278,9
DA:279,3
DA:282,480
DA:283,480
DA:284,480
DA:285,1146
DA:287,285
DA:288,489
DA:289,472
DA:291,774
DA:293,0
LH:43
LF:60
end_of_record
